
## artigo.html title=false desc=false og=false

## blog.html title=true desc=false og=false

## catalogo.html title=false desc=false og=false

## categoria.html title=true desc=false og=false

## create-article.html title=true desc=false og=false

## fale_conosco.html title=true desc=false og=false

## faq.html title=true desc=false og=false

## footer.html title=false desc=false og=false
<a href="https://vagas.stik.com.br">
<a href="https://www.google.com/maps/place/Stik+El%C3%A1sticos/@-3.7539286,-38.596892,17z/data=!3m1!4b1!4m6!3m5!1s0x7c74b923cd0e71b:0xaaa90fa555ea5542!8m2!3d-3.7539286!4d-38.5943171!16s%2Fg%2F11b7qnplqf?entry=ttu&g_ep=EgoyMDI1MDkxMC4wIKXMDSoASAFQAw%3D%3D">
<a href="https://www.facebook.com/profile.php?id=100092188292700">
<a href="https://www.instagram.com/stikelasticos?igshid=MzRlODBiNWFlZA%3D%3D">
<a href="https://api.whatsapp.com/send/?phone=558532025400">
<a href="https://api.whatsapp.com/send/?phone=558532025400" target="_blank" rel="noopener noreferrer" aria-label="Abrir WhatsApp">

## header.html title=false desc=false og=false

## index.html title=true desc=false og=false

## institucional.html title=true desc=false og=false

## politica_de_privacidade.html title=true desc=false og=false

## produto.html title=false desc=false og=false

## sidebar.html title=false desc=false og=false

## termos_de_uso.html title=true desc=false og=false
