
## artigo.html —  — body:
ids: header-placeholder, sidebar-placeholder, overlay, article-title, article-meta, article-image, article-content, footer-placeholder
classes: main-content, article-detail-page, article-header, animate-on-scroll, article-image-container, article-content
scripts: stylesheet/script.js

## blog.html — Blog - Stik — body:
ids: header-placeholder, sidebar-placeholder, overlay, artigos-container, create-article-btn, footer-placeholder
classes: blog-main, animate-on-scroll, container, page-title, artigos-grid, create-btn, fas, fa-plus
scripts: stylesheet/script.js

## catalogo.html —  — body:
ids: newsletter, catalog-form, catalog-email, catalog-submit, catalog-feedback
classes: newsletter-section, animate-on-scroll, carousel-bg, carousel-track, newsletter-content, consent-label, catalog-consent
scripts: stylesheet/script.js

## categoria.html — Categoria — body:
ids: header-placeholder, sidebar-placeholder, overlay, categoria-title, categoria-description, categoria-container, catalogo-placeholder, footer-placeholder
classes: main-content, category-page, animate-on-scroll, category-description, category-grid
scripts: stylesheet/script.js

## create-article.html — Novo Artigo — body:
ids: header-placeholder, sidebar-placeholder, overlay, article-form, article-title, article=content, footer-placeholder
classes: create-main, container, page-title, article-form, form-group, trix-content, submit-btn
scripts: https://unpkg.com/trix@2.0.0/dist/trix.umd.min.js, stylesheet/script.js

## fale_conosco.html — Fale Conosco - Stik — body:
ids: header-placeholder, sidebar-placeholder, overlay, name, email, message, catalogo-placeholder, footer-placeholder
classes: main-content, contact-section, container, page-title, animate-on-scroll, contact-info, contact-item, contact-form-container, contact-form, cta-button
scripts: stylesheet/script.js

## faq.html — FAQ - Stik — body:
ids: header-placeholder, sidebar-placeholder, overlay, catalogo-placeholder, footer-placeholder
classes: -content, faq-section, container, page-title, animate-on-scroll, faq-list, faq-item
scripts: stylesheet/script.js

## footer.html —  — body:
ids: 
classes: main-footer, footer-content, footer-logo, footer-links, footer-bottom, bottom-icons, whatsapp-fab
scripts: 

## header.html —  — body:
ids: mainHeader, theme-toggle, searchInput, searchResultsList
classes: top-header, header-left, menu-toggle, fas, fa-bars, header-logo, header-right, icon-btn, fa-sun, search-container, search-toggle, fa-search, search-box, search-results-dropdown
scripts: https://www.google.com/recaptcha/api.js?render=6LdH7u4rAAAAAL2zogpzMyRZjy6I1xLs5tE93AoB

## index.html — Stik Elásticos — body:index-page
ids: header-placeholder, sidebar-placeholder, institutionalVideo, header-hover-area, overlay, mainBannerTrack, banner-dots, prevBtn, lista-produtos, nextBtn, catalogo-placeholder, footer-placeholder
classes: index-page, main-page, video-hero-section, video-container, banner-carousel-wrapper, animate-on-scroll, carousel-container, carousel-track, carousel-dots, product-highlights, highlights-grid, highlight-item, small-top-left, large-center, small-top-right, small-bottom-left, small-bottom-right, catalogo-section, catalogo-wrapper, carousel-btn, prev-btn, fas, fa-chevron-left, catalogo-grid, next-btn, fa-chevron-right
scripts: stylesheet/script.js

## institucional.html — Institucional - Stik Elásticos — body:
ids: header-placeholder, sidebar-placeholder, overlay, catalogo-placeholder, footer-placeholder
classes: institutional-page, institucional-section, animate-on-scroll, title-section, institucional-content, text-block, image-block, values-block, diferenciais-section, diferenciais-grid, diferencial-item, gallery-section, gallery-grid, gallery-item, institucional-stacked, stacked-text, stacked-image
scripts: stylesheet/script.js

## politica_de_privacidade.html — Política de Privacidade - Stik — body:
ids: header-placeholder, sidebar-placeholder, overlay, catalogo-placeholder, footer-placeholder
classes: main-content, privacy-section, container, page-title, animate-on-scroll
scripts: stylesheet/script.js

## produto.html —  — body:
ids: header-placeholder, sidebar-placeholder, overlay, main-product-image, catalogo-placeholder, footer-placeholder
classes: product-page, product-container, animate-on-scroll, product-image-section, product-thumbnails, variation-options, product-details-section, product-name, product-subtitle, product-details-modern, product-description-modern, product-meta, veja-tambem-section, veja-tambem-title, veja-tambem-grid
scripts: stylesheet/script.js

## sidebar.html —  — body:
ids: sidebar
classes: sidebar, sidebar-header, close-sidebar, sidebar-nav, sidebar-link, has-submenu, fas, fa-chevron-down, submenu, has-submenu-hover, fa-chevron-right, submenu-aninhado, submenu-terceiro-nivel
scripts: 

## termos_de_uso.html — Termos de Uso - Stik — body:
ids: header-placeholder, sidebar-placeholder, overlay, catalogo-placeholder, footer-placeholder
classes: main-content, terms-section, container, page-title, animate-on-scroll
scripts: stylesheet/script.js

CSS chars 62662
JS chars 109623
